<?xml version="1.0" encoding="UTF-8"?>
<robot generator="Robot 3.1.2 (Python 3.8.2 on darwin)" generated="20200512 12:36:38.281" rpa="false">
<suite id="s1" name="Main" source="/Users/petri/Dropbox/github/qentinel_automation/tasks/main.robot">
<kw name="Start Suite" library="keywords" type="setup">
<doc>Starts Browser</doc>
<kw name="Open Browser">
<arguments>
<arg>about:blank</arg>
<arg>${BROWSER}</arg>
</arguments>
<msg timestamp="20200512 12:36:38.307" level="FAIL">No keyword with name 'Open Browser' found.</msg>
<status status="FAIL" starttime="20200512 12:36:38.306" endtime="20200512 12:36:38.307"></status>
</kw>
<status status="FAIL" starttime="20200512 12:36:38.304" endtime="20200512 12:36:38.307"></status>
</kw>
<test id="s1-t1" name="Test the global home page">
<doc>Verifies home page text</doc>
<tags>
<tag>Home</tag>
</tags>
<status status="FAIL" starttime="20200512 12:36:38.307" endtime="20200512 12:36:38.307" critical="yes">Parent suite setup failed:
No keyword with name 'Open Browser' found.</status>
</test>
<test id="s1-t2" name="Create an account">
<status status="FAIL" starttime="20200512 12:36:38.307" endtime="20200512 12:36:38.308" critical="yes">Parent suite setup failed:
No keyword with name 'Open Browser' found.</status>
</test>
<kw name="End Suite" library="keywords" type="teardown">
<kw name="Close Browser">
<msg timestamp="20200512 12:36:38.309" level="FAIL">No keyword with name 'Close Browser' found.</msg>
<status status="FAIL" starttime="20200512 12:36:38.309" endtime="20200512 12:36:38.309"></status>
</kw>
<status status="FAIL" starttime="20200512 12:36:38.308" endtime="20200512 12:36:38.309">No keyword with name 'Close Browser' found.</status>
</kw>
<doc>Tests for Pace Starter.</doc>
<status status="FAIL" starttime="20200512 12:36:38.282" endtime="20200512 12:36:38.309">Suite setup failed:
No keyword with name 'Open Browser' found.

Also suite teardown failed:
No keyword with name 'Close Browser' found.</status>
</suite>
<statistics>
<total>
<stat pass="0" fail="2">Critical Tests</stat>
<stat pass="0" fail="2">All Tests</stat>
</total>
<tag>
<stat pass="0" fail="1">Home</stat>
</tag>
<suite>
<stat pass="0" fail="2" id="s1" name="Main">Main</stat>
</suite>
</statistics>
<errors>
<msg timestamp="20200512 12:36:38.300" level="ERROR">Error in file '/Users/petri/Dropbox/github/qentinel_automation/resources/keywords.robot': Importing test library 'QWeb' failed: ModuleNotFoundError: No module named 'QWeb'
Traceback (most recent call last):
  None
PYTHONPATH:
  /Library/Frameworks/Python.framework/Versions/3.8/bin
  /Library/Frameworks/Python.framework/Versions/3.8/lib/python38.zip
  /Library/Frameworks/Python.framework/Versions/3.8/lib/python3.8
  /Library/Frameworks/Python.framework/Versions/3.8/lib/python3.8/lib-dynload
  /Library/Frameworks/Python.framework/Versions/3.8/lib/python3.8/site-packages</msg>
</errors>
</robot>
